[2025-10-30 15:27:16,730] \u0417\u0430\u043f\u0443\u0441\u043a Jerry \u0432 \u0440\u0435\u0436\u0438\u043c\u0435: morning
[2025-10-30 15:27:16,732] \u041d\u0430\u0447\u0438\u043d\u0430\u044e \u0443\u0442\u0440\u0435\u043d\u043d\u0435\u0435 \u0441\u043e\u043e\u0431\u0449\u0435\u043d\u0438\u0435...
[2025-10-30 15:27:18,345] \u041a\u0443\u0440\u0441\u044b \u0432\u0430\u043b\u044e\u0442 \u043f\u043e\u043b\u0443\u0447\u0435\u043d\u044b \u0443\u0441\u043f\u0435\u0448\u043d\u043e
[2025-10-30 15:27:19,551] \u0410\u043d\u0430\u043b\u0438\u0437 \u0432\u0430\u043b\u044e\u0442 \u043f\u043e\u043b\u0443\u0447\u0435\u043d \u0443\u0441\u043f\u0435\u0448\u043d\u043e (2025-10-29 \u2192 2025-10-29)
[2025-11-28 18:29:50,898] \u0417\u0430\u043f\u0443\u0441\u043a Jerry \u0432 \u0440\u0435\u0436\u0438\u043c\u0435: morning
[2025-11-28 18:29:50,899] \u041d\u0430\u0447\u0438\u043d\u0430\u044e \u0443\u0442\u0440\u0435\u043d\u043d\u0435\u0435 \u0441\u043e\u043e\u0431\u0449\u0435\u043d\u0438\u0435...
[2025-11-28 18:29:52,913] \u041a\u0443\u0440\u0441\u044b \u0432\u0430\u043b\u044e\u0442 \u043f\u043e\u043b\u0443\u0447\u0435\u043d\u044b \u0443\u0441\u043f\u0435\u0448\u043d\u043e
[2025-11-28 18:29:54,648] \u0410\u043d\u0430\u043b\u0438\u0437 \u0432\u0430\u043b\u044e\u0442 \u043f\u043e\u043b\u0443\u0447\u0435\u043d \u0443\u0441\u043f\u0435\u0448\u043d\u043e (2025-11-27 \u2192 2025-11-27)
[2025-11-28 18:29:54,736] \u041f\u043e\u043f\u044b\u0442\u043a\u0430 1/2 \u043d\u0435 \u0443\u0434\u0430\u043b\u0430\u0441\u044c: HTTPSConnectionPool(host='api.coincap.io', port=443): Max retries exceeded with url: /v2/assets/bitcoin (Caused by NameResolutionError("<urllib3.connection.HTTPSConnection object at 0x000001DD0F972FD0>: Failed to resolve 'api.coincap.io' ([Errno 11001] getaddrinfo failed)"))
[2025-11-28 18:29:55,237] \u041f\u043e\u043f\u044b\u0442\u043a\u0430 2/2 \u043d\u0435 \u0443\u0434\u0430\u043b\u0430\u0441\u044c: HTTPSConnectionPool(host='api.coincap.io', port=443): Max retries exceeded with url: /v2/assets/bitcoin (Caused by NameResolutionError("<urllib3.connection.HTTPSConnection object at 0x000001DD0F972350>: Failed to resolve 'api.coincap.io' ([Errno 11001] getaddrinfo failed)"))
[2025-11-28 18:29:55,237] \u041e\u0448\u0438\u0431\u043a\u0430 \u043f\u043e\u043b\u0443\u0447\u0435\u043d\u0438\u044f bitcoin: \u041d\u0435 \u0443\u0434\u0430\u043b\u043e\u0441\u044c \u043f\u043e\u043b\u0443\u0447\u0438\u0442\u044c \u0434\u0430\u043d\u043d\u044b\u0435 \u0441 https://api.coincap.io/v2/assets/bitcoin
[2025-11-28 18:29:55,238] \u041f\u043e\u043f\u044b\u0442\u043a\u0430 1/2 \u043d\u0435 \u0443\u0434\u0430\u043b\u0430\u0441\u044c: HTTPSConnectionPool(host='api.coincap.io', port=443): Max retries exceeded with url: /v2/assets/ethereum (Caused by NameResolutionError("<urllib3.connection.HTTPSConnection object at 0x000001DD0F971D10>: Failed to resolve 'api.coincap.io' ([Errno 11001] getaddrinfo failed)"))
[2025-11-28 18:29:55,740] \u041f\u043e\u043f\u044b\u0442\u043a\u0430 2/2 \u043d\u0435 \u0443\u0434\u0430\u043b\u0430\u0441\u044c: HTTPSConnectionPool(host='api.coincap.io', port=443): Max retries exceeded with url: /v2/assets/ethereum (Caused by NameResolutionError("<urllib3.connection.HTTPSConnection object at 0x000001DD0F9725D0>: Failed to resolve 'api.coincap.io' ([Errno 11001] getaddrinfo failed)"))
[2025-11-28 18:29:55,740] \u041e\u0448\u0438\u0431\u043a\u0430 \u043f\u043e\u043b\u0443\u0447\u0435\u043d\u0438\u044f ethereum: \u041d\u0435 \u0443\u0434\u0430\u043b\u043e\u0441\u044c \u043f\u043e\u043b\u0443\u0447\u0438\u0442\u044c \u0434\u0430\u043d\u043d\u044b\u0435 \u0441 https://api.coincap.io/v2/assets/ethereum
[2025-11-28 18:29:55,740] \u041f\u043e\u043f\u044b\u0442\u043a\u0430 1/2 \u043d\u0435 \u0443\u0434\u0430\u043b\u0430\u0441\u044c: HTTPSConnectionPool(host='api.coincap.io', port=443): Max retries exceeded with url: /v2/assets/toncoin (Caused by NameResolutionError("<urllib3.connection.HTTPSConnection object at 0x000001DD0F971F90>: Failed to resolve 'api.coincap.io' ([Errno 11001] getaddrinfo failed)"))
[2025-11-28 18:29:56,245] \u041f\u043e\u043f\u044b\u0442\u043a\u0430 2/2 \u043d\u0435 \u0443\u0434\u0430\u043b\u0430\u0441\u044c: HTTPSConnectionPool(host='api.coincap.io', port=443): Max retries exceeded with url: /v2/assets/toncoin (Caused by NameResolutionError("<urllib3.connection.HTTPSConnection object at 0x000001DD0F972C10>: Failed to resolve 'api.coincap.io' ([Errno 11001] getaddrinfo failed)"))
[2025-11-28 18:29:56,245] \u041e\u0448\u0438\u0431\u043a\u0430 \u043f\u043e\u043b\u0443\u0447\u0435\u043d\u0438\u044f toncoin: \u041d\u0435 \u0443\u0434\u0430\u043b\u043e\u0441\u044c \u043f\u043e\u043b\u0443\u0447\u0438\u0442\u044c \u0434\u0430\u043d\u043d\u044b\u0435 \u0441 https://api.coincap.io/v2/assets/toncoin
[2025-11-28 18:29:56,245] \u041e\u0448\u0438\u0431\u043a\u0430 get_crypto_analysis: \u041d\u0435 \u0443\u0434\u0430\u043b\u043e\u0441\u044c \u043f\u043e\u043b\u0443\u0447\u0438\u0442\u044c \u043d\u0438 \u043e\u0434\u043d\u043e\u0439 \u043a\u0440\u0438\u043f\u0442\u043e\u0432\u0430\u043b\u044e\u0442\u044b
[2025-11-28 18:29:56,245] \u041e\u0442\u043f\u0440\u0430\u0432\u043b\u044f\u044e \u0441\u043e\u043e\u0431\u0449\u0435\u043d\u0438\u0435 \u0432 Telegram...
[2025-11-28 18:29:57,316] HTTP Request: POST https://api.telegram.org/bot7627055581:AAHtAlEKgbjhQYid8I-bUBul6UKqjFQAxFo/sendMessage "HTTP/1.1 200 OK"
[2025-11-28 18:29:57,317] \u0421\u043e\u043e\u0431\u0449\u0435\u043d\u0438\u0435 \u043e\u0442\u043f\u0440\u0430\u0432\u043b\u0435\u043d\u043e \u0443\u0441\u043f\u0435\u0448\u043d\u043e
[2025-11-28 18:35:02,213] \u0417\u0430\u043f\u0443\u0441\u043a Jerry \u0432 \u0440\u0435\u0436\u0438\u043c\u0435: morning
[2025-11-28 18:35:02,214] \u041d\u0430\u0447\u0438\u043d\u0430\u044e \u0443\u0442\u0440\u0435\u043d\u043d\u0435\u0435 \u0441\u043e\u043e\u0431\u0449\u0435\u043d\u0438\u0435...
[2025-11-28 18:35:03,462] \u041a\u0443\u0440\u0441\u044b \u0432\u0430\u043b\u044e\u0442 \u043f\u043e\u043b\u0443\u0447\u0435\u043d\u044b \u0443\u0441\u043f\u0435\u0448\u043d\u043e
[2025-11-28 18:35:03,883] \u0410\u043d\u0430\u043b\u0438\u0437 \u0432\u0430\u043b\u044e\u0442 \u043f\u043e\u043b\u0443\u0447\u0435\u043d \u0443\u0441\u043f\u0435\u0448\u043d\u043e (2025-11-27 \u2192 2025-11-27)
[2025-11-28 18:35:04,011] \u041f\u043e\u043f\u044b\u0442\u043a\u0430 1/2 \u043d\u0435 \u0443\u0434\u0430\u043b\u0430\u0441\u044c: HTTPSConnectionPool(host='api.coincap.io', port=443): Max retries exceeded with url: /v2/assets/bitcoin (Caused by NameResolutionError("<urllib3.connection.HTTPSConnection object at 0x000001841B9A2FD0>: Failed to resolve 'api.coincap.io' ([Errno 11001] getaddrinfo failed)"))
[2025-11-28 18:35:04,512] \u041f\u043e\u043f\u044b\u0442\u043a\u0430 2/2 \u043d\u0435 \u0443\u0434\u0430\u043b\u0430\u0441\u044c: HTTPSConnectionPool(host='api.coincap.io', port=443): Max retries exceeded with url: /v2/assets/bitcoin (Caused by NameResolutionError("<urllib3.connection.HTTPSConnection object at 0x000001841B9A2350>: Failed to resolve 'api.coincap.io' ([Errno 11001] getaddrinfo failed)"))
[2025-11-28 18:35:04,512] \u041e\u0448\u0438\u0431\u043a\u0430 \u043f\u043e\u043b\u0443\u0447\u0435\u043d\u0438\u044f bitcoin: \u041d\u0435 \u0443\u0434\u0430\u043b\u043e\u0441\u044c \u043f\u043e\u043b\u0443\u0447\u0438\u0442\u044c \u0434\u0430\u043d\u043d\u044b\u0435 \u0441 https://api.coincap.io/v2/assets/bitcoin
[2025-11-28 18:35:04,513] \u041f\u043e\u043f\u044b\u0442\u043a\u0430 1/2 \u043d\u0435 \u0443\u0434\u0430\u043b\u0430\u0441\u044c: HTTPSConnectionPool(host='api.coincap.io', port=443): Max retries exceeded with url: /v2/assets/ethereum (Caused by NameResolutionError("<urllib3.connection.HTTPSConnection object at 0x000001841B9A1D10>: Failed to resolve 'api.coincap.io' ([Errno 11001] getaddrinfo failed)"))
[2025-11-28 18:35:05,014] \u041f\u043e\u043f\u044b\u0442\u043a\u0430 2/2 \u043d\u0435 \u0443\u0434\u0430\u043b\u0430\u0441\u044c: HTTPSConnectionPool(host='api.coincap.io', port=443): Max retries exceeded with url: /v2/assets/ethereum (Caused by NameResolutionError("<urllib3.connection.HTTPSConnection object at 0x000001841B9A25D0>: Failed to resolve 'api.coincap.io' ([Errno 11001] getaddrinfo failed)"))
[2025-11-28 18:35:05,014] \u041e\u0448\u0438\u0431\u043a\u0430 \u043f\u043e\u043b\u0443\u0447\u0435\u043d\u0438\u044f ethereum: \u041d\u0435 \u0443\u0434\u0430\u043b\u043e\u0441\u044c \u043f\u043e\u043b\u0443\u0447\u0438\u0442\u044c \u0434\u0430\u043d\u043d\u044b\u0435 \u0441 https://api.coincap.io/v2/assets/ethereum
[2025-11-28 18:35:05,015] \u041f\u043e\u043f\u044b\u0442\u043a\u0430 1/2 \u043d\u0435 \u0443\u0434\u0430\u043b\u0430\u0441\u044c: HTTPSConnectionPool(host='api.coincap.io', port=443): Max retries exceeded with url: /v2/assets/toncoin (Caused by NameResolutionError("<urllib3.connection.HTTPSConnection object at 0x000001841B9A1F90>: Failed to resolve 'api.coincap.io' ([Errno 11001] getaddrinfo failed)"))
[2025-11-28 18:35:05,516] \u041f\u043e\u043f\u044b\u0442\u043a\u0430 2/2 \u043d\u0435 \u0443\u0434\u0430\u043b\u0430\u0441\u044c: HTTPSConnectionPool(host='api.coincap.io', port=443): Max retries exceeded with url: /v2/assets/toncoin (Caused by NameResolutionError("<urllib3.connection.HTTPSConnection object at 0x000001841B9A2C10>: Failed to resolve 'api.coincap.io' ([Errno 11001] getaddrinfo failed)"))
[2025-11-28 18:35:05,516] \u041e\u0448\u0438\u0431\u043a\u0430 \u043f\u043e\u043b\u0443\u0447\u0435\u043d\u0438\u044f toncoin: \u041d\u0435 \u0443\u0434\u0430\u043b\u043e\u0441\u044c \u043f\u043e\u043b\u0443\u0447\u0438\u0442\u044c \u0434\u0430\u043d\u043d\u044b\u0435 \u0441 https://api.coincap.io/v2/assets/toncoin
[2025-11-28 18:35:05,516] \u041e\u0448\u0438\u0431\u043a\u0430 get_crypto_analysis: \u041d\u0435 \u0443\u0434\u0430\u043b\u043e\u0441\u044c \u043f\u043e\u043b\u0443\u0447\u0438\u0442\u044c \u043d\u0438 \u043e\u0434\u043d\u043e\u0439 \u043a\u0440\u0438\u043f\u0442\u043e\u0432\u0430\u043b\u044e\u0442\u044b
[2025-11-28 18:35:05,516] \u041e\u0442\u043f\u0440\u0430\u0432\u043b\u044f\u044e \u0441\u043e\u043e\u0431\u0449\u0435\u043d\u0438\u0435 \u0432 Telegram...
[2025-11-28 18:35:06,277] HTTP Request: POST https://api.telegram.org/bot7627055581:AAHtAlEKgbjhQYid8I-bUBul6UKqjFQAxFo/sendMessage "HTTP/1.1 200 OK"
[2025-11-28 18:35:06,278] \u0421\u043e\u043e\u0431\u0449\u0435\u043d\u0438\u0435 \u043e\u0442\u043f\u0440\u0430\u0432\u043b\u0435\u043d\u043e \u0443\u0441\u043f\u0435\u0448\u043d\u043e
[2025-11-28 19:41:58,735] \u0417\u0430\u043f\u0443\u0441\u043a Jerry \u0432 \u0440\u0435\u0436\u0438\u043c\u0435: morning
[2025-11-28 19:41:58,735] \u041d\u0430\u0447\u0438\u043d\u0430\u044e \u0443\u0442\u0440\u0435\u043d\u043d\u0435\u0435 \u0441\u043e\u043e\u0431\u0449\u0435\u043d\u0438\u0435...
[2025-11-28 19:42:00,462] \u041a\u0443\u0440\u0441\u044b \u0432\u0430\u043b\u044e\u0442 \u043f\u043e\u043b\u0443\u0447\u0435\u043d\u044b \u0443\u0441\u043f\u0435\u0448\u043d\u043e
[2025-11-28 19:42:01,271] \u041f\u043e\u043f\u044b\u0442\u043a\u0430 1/2 \u043d\u0435 \u0443\u0434\u0430\u043b\u0430\u0441\u044c: 404 Client Error: Not Found for url: https://api.frankfurter.app/latest?from=RUB&to=USD%2CEUR%2CCNY
[2025-11-28 19:42:02,204] \u041f\u043e\u043f\u044b\u0442\u043a\u0430 2/2 \u043d\u0435 \u0443\u0434\u0430\u043b\u0430\u0441\u044c: 404 Client Error: Not Found for url: https://api.frankfurter.app/latest?from=RUB&to=USD%2CEUR%2CCNY
[2025-11-28 19:42:02,204] \u041e\u0448\u0438\u0431\u043a\u0430 get_currency_analysis: \u041d\u0435 \u0443\u0434\u0430\u043b\u043e\u0441\u044c \u043f\u043e\u043b\u0443\u0447\u0438\u0442\u044c \u0434\u0430\u043d\u043d\u044b\u0435 \u0441 https://api.frankfurter.app/latest
[2025-11-28 19:42:02,349] \u041f\u043e\u043f\u044b\u0442\u043a\u0430 1/2 \u043d\u0435 \u0443\u0434\u0430\u043b\u0430\u0441\u044c: HTTPSConnectionPool(host='api.coincap.io', port=443): Max retries exceeded with url: /v2/assets/bitcoin (Caused by NameResolutionError("<urllib3.connection.HTTPSConnection object at 0x00000275BA2FEFD0>: Failed to resolve 'api.coincap.io' ([Errno 11001] getaddrinfo failed)"))
[2025-11-28 19:42:02,851] \u041f\u043e\u043f\u044b\u0442\u043a\u0430 2/2 \u043d\u0435 \u0443\u0434\u0430\u043b\u0430\u0441\u044c: HTTPSConnectionPool(host='api.coincap.io', port=443): Max retries exceeded with url: /v2/assets/bitcoin (Caused by NameResolutionError("<urllib3.connection.HTTPSConnection object at 0x00000275BA2FE350>: Failed to resolve 'api.coincap.io' ([Errno 11001] getaddrinfo failed)"))
[2025-11-28 19:42:02,852] \u041e\u0448\u0438\u0431\u043a\u0430 \u043f\u043e\u043b\u0443\u0447\u0435\u043d\u0438\u044f bitcoin: \u041d\u0435 \u0443\u0434\u0430\u043b\u043e\u0441\u044c \u043f\u043e\u043b\u0443\u0447\u0438\u0442\u044c \u0434\u0430\u043d\u043d\u044b\u0435 \u0441 https://api.coincap.io/v2/assets/bitcoin
[2025-11-28 19:42:02,852] \u041f\u043e\u043f\u044b\u0442\u043a\u0430 1/2 \u043d\u0435 \u0443\u0434\u0430\u043b\u0430\u0441\u044c: HTTPSConnectionPool(host='api.coincap.io', port=443): Max retries exceeded with url: /v2/assets/ethereum (Caused by NameResolutionError("<urllib3.connection.HTTPSConnection object at 0x00000275BA2FDD10>: Failed to resolve 'api.coincap.io' ([Errno 11001] getaddrinfo failed)"))
[2025-11-28 19:42:03,354] \u041f\u043e\u043f\u044b\u0442\u043a\u0430 2/2 \u043d\u0435 \u0443\u0434\u0430\u043b\u0430\u0441\u044c: HTTPSConnectionPool(host='api.coincap.io', port=443): Max retries exceeded with url: /v2/assets/ethereum (Caused by NameResolutionError("<urllib3.connection.HTTPSConnection object at 0x00000275BA2FE5D0>: Failed to resolve 'api.coincap.io' ([Errno 11001] getaddrinfo failed)"))
[2025-11-28 19:42:03,354] \u041e\u0448\u0438\u0431\u043a\u0430 \u043f\u043e\u043b\u0443\u0447\u0435\u043d\u0438\u044f ethereum: \u041d\u0435 \u0443\u0434\u0430\u043b\u043e\u0441\u044c \u043f\u043e\u043b\u0443\u0447\u0438\u0442\u044c \u0434\u0430\u043d\u043d\u044b\u0435 \u0441 https://api.coincap.io/v2/assets/ethereum
[2025-11-28 19:42:03,355] \u041f\u043e\u043f\u044b\u0442\u043a\u0430 1/2 \u043d\u0435 \u0443\u0434\u0430\u043b\u0430\u0441\u044c: HTTPSConnectionPool(host='api.coincap.io', port=443): Max retries exceeded with url: /v2/assets/toncoin (Caused by NameResolutionError("<urllib3.connection.HTTPSConnection object at 0x00000275BA2FDF90>: Failed to resolve 'api.coincap.io' ([Errno 11001] getaddrinfo failed)"))
[2025-11-28 19:42:03,857] \u041f\u043e\u043f\u044b\u0442\u043a\u0430 2/2 \u043d\u0435 \u0443\u0434\u0430\u043b\u0430\u0441\u044c: HTTPSConnectionPool(host='api.coincap.io', port=443): Max retries exceeded with url: /v2/assets/toncoin (Caused by NameResolutionError("<urllib3.connection.HTTPSConnection object at 0x00000275BA2FEC10>: Failed to resolve 'api.coincap.io' ([Errno 11001] getaddrinfo failed)"))
[2025-11-28 19:42:03,858] \u041e\u0448\u0438\u0431\u043a\u0430 \u043f\u043e\u043b\u0443\u0447\u0435\u043d\u0438\u044f toncoin: \u041d\u0435 \u0443\u0434\u0430\u043b\u043e\u0441\u044c \u043f\u043e\u043b\u0443\u0447\u0438\u0442\u044c \u0434\u0430\u043d\u043d\u044b\u0435 \u0441 https://api.coincap.io/v2/assets/toncoin
[2025-11-28 19:42:03,858] \u041e\u0448\u0438\u0431\u043a\u0430 get_crypto_analysis: \u041d\u0435 \u0443\u0434\u0430\u043b\u043e\u0441\u044c \u043f\u043e\u043b\u0443\u0447\u0438\u0442\u044c \u043d\u0438 \u043e\u0434\u043d\u043e\u0439 \u043a\u0440\u0438\u043f\u0442\u043e\u0432\u0430\u043b\u044e\u0442\u044b
[2025-11-28 19:42:03,858] \u041e\u0442\u043f\u0440\u0430\u0432\u043b\u044f\u044e \u0441\u043e\u043e\u0431\u0449\u0435\u043d\u0438\u0435 \u0432 Telegram...
[2025-11-28 19:42:05,002] HTTP Request: POST https://api.telegram.org/bot7627055581:AAHtAlEKgbjhQYid8I-bUBul6UKqjFQAxFo/sendMessage "HTTP/1.1 200 OK"
[2025-11-28 19:42:05,003] \u0421\u043e\u043e\u0431\u0449\u0435\u043d\u0438\u0435 \u043e\u0442\u043f\u0440\u0430\u0432\u043b\u0435\u043d\u043e \u0443\u0441\u043f\u0435\u0448\u043d\u043e
[2025-11-28 19:43:51,851] \u0417\u0430\u043f\u0443\u0441\u043a Jerry \u0432 \u0440\u0435\u0436\u0438\u043c\u0435: morning
[2025-11-28 19:43:51,852] \u041d\u0430\u0447\u0438\u043d\u0430\u044e \u0443\u0442\u0440\u0435\u043d\u043d\u0435\u0435 \u0441\u043e\u043e\u0431\u0449\u0435\u043d\u0438\u0435...
[2025-11-28 19:43:52,548] \u041a\u0443\u0440\u0441\u044b \u0432\u0430\u043b\u044e\u0442 \u043f\u043e\u043b\u0443\u0447\u0435\u043d\u044b \u0443\u0441\u043f\u0435\u0448\u043d\u043e
[2025-11-28 19:43:52,813] \u041f\u043e\u043f\u044b\u0442\u043a\u0430 1/2 \u043d\u0435 \u0443\u0434\u0430\u043b\u0430\u0441\u044c: 404 Client Error: Not Found for url: https://api.frankfurter.app/latest?from=RUB&to=USD%2CEUR%2CCNY
[2025-11-28 19:43:53,881] \u041f\u043e\u043f\u044b\u0442\u043a\u0430 2/2 \u043d\u0435 \u0443\u0434\u0430\u043b\u0430\u0441\u044c: 404 Client Error: Not Found for url: https://api.frankfurter.app/latest?from=RUB&to=USD%2CEUR%2CCNY
[2025-11-28 19:43:53,881] \u041e\u0448\u0438\u0431\u043a\u0430 get_currency_analysis: \u041d\u0435 \u0443\u0434\u0430\u043b\u043e\u0441\u044c \u043f\u043e\u043b\u0443\u0447\u0438\u0442\u044c \u0434\u0430\u043d\u043d\u044b\u0435 \u0441 https://api.frankfurter.app/latest
[2025-11-28 19:43:54,091] \u041f\u043e\u043f\u044b\u0442\u043a\u0430 1/2 \u043d\u0435 \u0443\u0434\u0430\u043b\u0430\u0441\u044c: HTTPSConnectionPool(host='api.coincap.io', port=443): Max retries exceeded with url: /v2/assets/bitcoin (Caused by NameResolutionError("<urllib3.connection.HTTPSConnection object at 0x000002D6D6B2EFD0>: Failed to resolve 'api.coincap.io' ([Errno 11001] getaddrinfo failed)"))
[2025-11-28 19:43:54,592] \u041f\u043e\u043f\u044b\u0442\u043a\u0430 2/2 \u043d\u0435 \u0443\u0434\u0430\u043b\u0430\u0441\u044c: HTTPSConnectionPool(host='api.coincap.io', port=443): Max retries exceeded with url: /v2/assets/bitcoin (Caused by NameResolutionError("<urllib3.connection.HTTPSConnection object at 0x000002D6D6B2E350>: Failed to resolve 'api.coincap.io' ([Errno 11001] getaddrinfo failed)"))
[2025-11-28 19:43:54,593] \u041e\u0448\u0438\u0431\u043a\u0430 \u043f\u043e\u043b\u0443\u0447\u0435\u043d\u0438\u044f bitcoin: \u041d\u0435 \u0443\u0434\u0430\u043b\u043e\u0441\u044c \u043f\u043e\u043b\u0443\u0447\u0438\u0442\u044c \u0434\u0430\u043d\u043d\u044b\u0435 \u0441 https://api.coincap.io/v2/assets/bitcoin
[2025-11-28 19:43:54,593] \u041f\u043e\u043f\u044b\u0442\u043a\u0430 1/2 \u043d\u0435 \u0443\u0434\u0430\u043b\u0430\u0441\u044c: HTTPSConnectionPool(host='api.coincap.io', port=443): Max retries exceeded with url: /v2/assets/ethereum (Caused by NameResolutionError("<urllib3.connection.HTTPSConnection object at 0x000002D6D6B2DD10>: Failed to resolve 'api.coincap.io' ([Errno 11001] getaddrinfo failed)"))
[2025-11-28 19:43:55,094] \u041f\u043e\u043f\u044b\u0442\u043a\u0430 2/2 \u043d\u0435 \u0443\u0434\u0430\u043b\u0430\u0441\u044c: HTTPSConnectionPool(host='api.coincap.io', port=443): Max retries exceeded with url: /v2/assets/ethereum (Caused by NameResolutionError("<urllib3.connection.HTTPSConnection object at 0x000002D6D6B2E5D0>: Failed to resolve 'api.coincap.io' ([Errno 11001] getaddrinfo failed)"))
[2025-11-28 19:43:55,095] \u041e\u0448\u0438\u0431\u043a\u0430 \u043f\u043e\u043b\u0443\u0447\u0435\u043d\u0438\u044f ethereum: \u041d\u0435 \u0443\u0434\u0430\u043b\u043e\u0441\u044c \u043f\u043e\u043b\u0443\u0447\u0438\u0442\u044c \u0434\u0430\u043d\u043d\u044b\u0435 \u0441 https://api.coincap.io/v2/assets/ethereum
[2025-11-28 19:43:55,095] \u041f\u043e\u043f\u044b\u0442\u043a\u0430 1/2 \u043d\u0435 \u0443\u0434\u0430\u043b\u0430\u0441\u044c: HTTPSConnectionPool(host='api.coincap.io', port=443): Max retries exceeded with url: /v2/assets/toncoin (Caused by NameResolutionError("<urllib3.connection.HTTPSConnection object at 0x000002D6D6B2DF90>: Failed to resolve 'api.coincap.io' ([Errno 11001] getaddrinfo failed)"))
[2025-11-28 19:43:55,597] \u041f\u043e\u043f\u044b\u0442\u043a\u0430 2/2 \u043d\u0435 \u0443\u0434\u0430\u043b\u0430\u0441\u044c: HTTPSConnectionPool(host='api.coincap.io', port=443): Max retries exceeded with url: /v2/assets/toncoin (Caused by NameResolutionError("<urllib3.connection.HTTPSConnection object at 0x000002D6D6B2EC10>: Failed to resolve 'api.coincap.io' ([Errno 11001] getaddrinfo failed)"))
[2025-11-28 19:43:55,597] \u041e\u0448\u0438\u0431\u043a\u0430 \u043f\u043e\u043b\u0443\u0447\u0435\u043d\u0438\u044f toncoin: \u041d\u0435 \u0443\u0434\u0430\u043b\u043e\u0441\u044c \u043f\u043e\u043b\u0443\u0447\u0438\u0442\u044c \u0434\u0430\u043d\u043d\u044b\u0435 \u0441 https://api.coincap.io/v2/assets/toncoin
[2025-11-28 19:43:55,597] \u041e\u0448\u0438\u0431\u043a\u0430 get_crypto_analysis: \u041d\u0435 \u0443\u0434\u0430\u043b\u043e\u0441\u044c \u043f\u043e\u043b\u0443\u0447\u0438\u0442\u044c \u043d\u0438 \u043e\u0434\u043d\u043e\u0439 \u043a\u0440\u0438\u043f\u0442\u043e\u0432\u0430\u043b\u044e\u0442\u044b
[2025-11-28 19:43:55,597] \u041e\u0442\u043f\u0440\u0430\u0432\u043b\u044f\u044e \u0441\u043e\u043e\u0431\u0449\u0435\u043d\u0438\u0435 \u0432 Telegram...
[2025-11-28 19:43:56,443] HTTP Request: POST https://api.telegram.org/bot7627055581:AAHtAlEKgbjhQYid8I-bUBul6UKqjFQAxFo/sendMessage "HTTP/1.1 200 OK"
[2025-11-28 19:43:56,444] \u0421\u043e\u043e\u0431\u0449\u0435\u043d\u0438\u0435 \u043e\u0442\u043f\u0440\u0430\u0432\u043b\u0435\u043d\u043e \u0443\u0441\u043f\u0435\u0448\u043d\u043e
[2025-11-28 19:45:26,920] \u0417\u0430\u043f\u0443\u0441\u043a Jerry \u0432 \u0440\u0435\u0436\u0438\u043c\u0435: morning
[2025-11-28 19:45:26,921] \u041d\u0430\u0447\u0438\u043d\u0430\u044e \u0443\u0442\u0440\u0435\u043d\u043d\u0435\u0435 \u0441\u043e\u043e\u0431\u0449\u0435\u043d\u0438\u0435...
[2025-11-28 19:45:27,781] \u041f\u043e\u043f\u044b\u0442\u043a\u0430 1/2 \u043d\u0435 \u0443\u0434\u0430\u043b\u0430\u0441\u044c: 404 Client Error: Not Found for url: https://api.frankfurter.app/latest?from=RUB&to=USD%2CEUR%2CCNY
[2025-11-28 19:45:28,908] \u041f\u043e\u043f\u044b\u0442\u043a\u0430 2/2 \u043d\u0435 \u0443\u0434\u0430\u043b\u0430\u0441\u044c: 404 Client Error: Not Found for url: https://api.frankfurter.app/latest?from=RUB&to=USD%2CEUR%2CCNY
[2025-11-28 19:45:28,908] \u041e\u0448\u0438\u0431\u043a\u0430 get_exchange_rates: \u041d\u0435 \u0443\u0434\u0430\u043b\u043e\u0441\u044c \u043f\u043e\u043b\u0443\u0447\u0438\u0442\u044c \u0434\u0430\u043d\u043d\u044b\u0435 \u0441 https://api.frankfurter.app/latest
[2025-11-28 19:45:29,219] \u041f\u043e\u043f\u044b\u0442\u043a\u0430 1/2 \u043d\u0435 \u0443\u0434\u0430\u043b\u0430\u0441\u044c: 404 Client Error: Not Found for url: https://api.frankfurter.app/latest?from=RUB&to=USD%2CEUR%2CCNY
[2025-11-28 19:45:30,347] \u041f\u043e\u043f\u044b\u0442\u043a\u0430 2/2 \u043d\u0435 \u0443\u0434\u0430\u043b\u0430\u0441\u044c: 404 Client Error: Not Found for url: https://api.frankfurter.app/latest?from=RUB&to=USD%2CEUR%2CCNY
[2025-11-28 19:45:30,347] \u041e\u0448\u0438\u0431\u043a\u0430 get_currency_analysis: \u041d\u0435 \u0443\u0434\u0430\u043b\u043e\u0441\u044c \u043f\u043e\u043b\u0443\u0447\u0438\u0442\u044c \u0434\u0430\u043d\u043d\u044b\u0435 \u0441 https://api.frankfurter.app/latest
[2025-11-28 19:45:30,560] \u041f\u043e\u043f\u044b\u0442\u043a\u0430 1/2 \u043d\u0435 \u0443\u0434\u0430\u043b\u0430\u0441\u044c: HTTPSConnectionPool(host='api.coincap.io', port=443): Max retries exceeded with url: /v2/assets/bitcoin (Caused by NameResolutionError("<urllib3.connection.HTTPSConnection object at 0x0000015628CCDBD0>: Failed to resolve 'api.coincap.io' ([Errno 11001] getaddrinfo failed)"))
[2025-11-28 19:45:31,062] \u041f\u043e\u043f\u044b\u0442\u043a\u0430 2/2 \u043d\u0435 \u0443\u0434\u0430\u043b\u0430\u0441\u044c: HTTPSConnectionPool(host='api.coincap.io', port=443): Max retries exceeded with url: /v2/assets/bitcoin (Caused by NameResolutionError("<urllib3.connection.HTTPSConnection object at 0x0000015628CCE0D0>: Failed to resolve 'api.coincap.io' ([Errno 11001] getaddrinfo failed)"))
[2025-11-28 19:45:31,062] \u041e\u0448\u0438\u0431\u043a\u0430 \u043f\u043e\u043b\u0443\u0447\u0435\u043d\u0438\u044f bitcoin: \u041d\u0435 \u0443\u0434\u0430\u043b\u043e\u0441\u044c \u043f\u043e\u043b\u0443\u0447\u0438\u0442\u044c \u0434\u0430\u043d\u043d\u044b\u0435 \u0441 https://api.coincap.io/v2/assets/bitcoin
[2025-11-28 19:45:31,063] \u041f\u043e\u043f\u044b\u0442\u043a\u0430 1/2 \u043d\u0435 \u0443\u0434\u0430\u043b\u0430\u0441\u044c: HTTPSConnectionPool(host='api.coincap.io', port=443): Max retries exceeded with url: /v2/assets/ethereum (Caused by NameResolutionError("<urllib3.connection.HTTPSConnection object at 0x0000015628CCDD10>: Failed to resolve 'api.coincap.io' ([Errno 11001] getaddrinfo failed)"))
[2025-11-28 19:45:31,565] \u041f\u043e\u043f\u044b\u0442\u043a\u0430 2/2 \u043d\u0435 \u0443\u0434\u0430\u043b\u0430\u0441\u044c: HTTPSConnectionPool(host='api.coincap.io', port=443): Max retries exceeded with url: /v2/assets/ethereum (Caused by NameResolutionError("<urllib3.connection.HTTPSConnection object at 0x0000015628CCE5D0>: Failed to resolve 'api.coincap.io' ([Errno 11001] getaddrinfo failed)"))
[2025-11-28 19:45:31,565] \u041e\u0448\u0438\u0431\u043a\u0430 \u043f\u043e\u043b\u0443\u0447\u0435\u043d\u0438\u044f ethereum: \u041d\u0435 \u0443\u0434\u0430\u043b\u043e\u0441\u044c \u043f\u043e\u043b\u0443\u0447\u0438\u0442\u044c \u0434\u0430\u043d\u043d\u044b\u0435 \u0441 https://api.coincap.io/v2/assets/ethereum
[2025-11-28 19:45:31,566] \u041f\u043e\u043f\u044b\u0442\u043a\u0430 1/2 \u043d\u0435 \u0443\u0434\u0430\u043b\u0430\u0441\u044c: HTTPSConnectionPool(host='api.coincap.io', port=443): Max retries exceeded with url: /v2/assets/toncoin (Caused by NameResolutionError("<urllib3.connection.HTTPSConnection object at 0x0000015628CCDF90>: Failed to resolve 'api.coincap.io' ([Errno 11001] getaddrinfo failed)"))
[2025-11-28 19:45:32,067] \u041f\u043e\u043f\u044b\u0442\u043a\u0430 2/2 \u043d\u0435 \u0443\u0434\u0430\u043b\u0430\u0441\u044c: HTTPSConnectionPool(host='api.coincap.io', port=443): Max retries exceeded with url: /v2/assets/toncoin (Caused by NameResolutionError("<urllib3.connection.HTTPSConnection object at 0x0000015628CCEC10>: Failed to resolve 'api.coincap.io' ([Errno 11001] getaddrinfo failed)"))
[2025-11-28 19:45:32,067] \u041e\u0448\u0438\u0431\u043a\u0430 \u043f\u043e\u043b\u0443\u0447\u0435\u043d\u0438\u044f toncoin: \u041d\u0435 \u0443\u0434\u0430\u043b\u043e\u0441\u044c \u043f\u043e\u043b\u0443\u0447\u0438\u0442\u044c \u0434\u0430\u043d\u043d\u044b\u0435 \u0441 https://api.coincap.io/v2/assets/toncoin
[2025-11-28 19:45:32,067] \u041e\u0448\u0438\u0431\u043a\u0430 get_crypto_analysis: \u041d\u0435 \u0443\u0434\u0430\u043b\u043e\u0441\u044c \u043f\u043e\u043b\u0443\u0447\u0438\u0442\u044c \u043d\u0438 \u043e\u0434\u043d\u043e\u0439 \u043a\u0440\u0438\u043f\u0442\u043e\u0432\u0430\u043b\u044e\u0442\u044b
[2025-11-28 19:45:32,067] \u041e\u0442\u043f\u0440\u0430\u0432\u043b\u044f\u044e \u0441\u043e\u043e\u0431\u0449\u0435\u043d\u0438\u0435 \u0432 Telegram...
[2025-11-28 19:45:33,109] HTTP Request: POST https://api.telegram.org/bot7627055581:AAHtAlEKgbjhQYid8I-bUBul6UKqjFQAxFo/sendMessage "HTTP/1.1 200 OK"
[2025-11-28 19:45:33,110] \u0421\u043e\u043e\u0431\u0449\u0435\u043d\u0438\u0435 \u043e\u0442\u043f\u0440\u0430\u0432\u043b\u0435\u043d\u043e \u0443\u0441\u043f\u0435\u0448\u043d\u043e
[2025-11-28 19:49:34,185] \u0417\u0430\u043f\u0443\u0441\u043a Jerry \u0432 \u0440\u0435\u0436\u0438\u043c\u0435: morning
[2025-11-28 19:49:34,186] \u041d\u0430\u0447\u0438\u043d\u0430\u044e \u0443\u0442\u0440\u0435\u043d\u043d\u0435\u0435 \u0441\u043e\u043e\u0431\u0449\u0435\u043d\u0438\u0435...
[2025-11-28 19:49:34,874] \u041f\u043e\u043f\u044b\u0442\u043a\u0430 1/2 \u043d\u0435 \u0443\u0434\u0430\u043b\u0430\u0441\u044c: 404 Client Error: Not Found for url: https://api.frankfurter.app/latest?from=RUB&to=USD%2CEUR%2CCNY
[2025-11-28 19:49:35,784] \u041f\u043e\u043f\u044b\u0442\u043a\u0430 2/2 \u043d\u0435 \u0443\u0434\u0430\u043b\u0430\u0441\u044c: 404 Client Error: Not Found for url: https://api.frankfurter.app/latest?from=RUB&to=USD%2CEUR%2CCNY
[2025-11-28 19:49:35,784] \u041e\u0448\u0438\u0431\u043a\u0430 get_exchange_rates: \u041d\u0435 \u0443\u0434\u0430\u043b\u043e\u0441\u044c \u043f\u043e\u043b\u0443\u0447\u0438\u0442\u044c \u0434\u0430\u043d\u043d\u044b\u0435 \u0441 https://api.frankfurter.app/latest
[2025-11-28 19:49:35,920] \u041f\u043e\u043f\u044b\u0442\u043a\u0430 1/2 \u043d\u0435 \u0443\u0434\u0430\u043b\u0430\u0441\u044c: 404 Client Error: Not Found for url: https://api.frankfurter.app/latest?from=RUB&to=USD%2CEUR%2CCNY
[2025-11-28 19:49:36,939] \u041f\u043e\u043f\u044b\u0442\u043a\u0430 2/2 \u043d\u0435 \u0443\u0434\u0430\u043b\u0430\u0441\u044c: 404 Client Error: Not Found for url: https://api.frankfurter.app/latest?from=RUB&to=USD%2CEUR%2CCNY
[2025-11-28 19:49:36,939] \u041e\u0448\u0438\u0431\u043a\u0430 get_currency_analysis: \u041d\u0435 \u0443\u0434\u0430\u043b\u043e\u0441\u044c \u043f\u043e\u043b\u0443\u0447\u0438\u0442\u044c \u0434\u0430\u043d\u043d\u044b\u0435 \u0441 https://api.frankfurter.app/latest
[2025-11-28 19:49:37,243] \u041f\u043e\u043f\u044b\u0442\u043a\u0430 1/2 \u043d\u0435 \u0443\u0434\u0430\u043b\u0430\u0441\u044c: HTTPSConnectionPool(host='api.coincap.io', port=443): Max retries exceeded with url: /v2/assets/bitcoin (Caused by NameResolutionError("<urllib3.connection.HTTPSConnection object at 0x000001FB7B5EDBD0>: Failed to resolve 'api.coincap.io' ([Errno 11001] getaddrinfo failed)"))
[2025-11-28 19:49:37,745] \u041f\u043e\u043f\u044b\u0442\u043a\u0430 2/2 \u043d\u0435 \u0443\u0434\u0430\u043b\u0430\u0441\u044c: HTTPSConnectionPool(host='api.coincap.io', port=443): Max retries exceeded with url: /v2/assets/bitcoin (Caused by NameResolutionError("<urllib3.connection.HTTPSConnection object at 0x000001FB7B5EE0D0>: Failed to resolve 'api.coincap.io' ([Errno 11001] getaddrinfo failed)"))
[2025-11-28 19:49:37,746] \u041e\u0448\u0438\u0431\u043a\u0430 \u043f\u043e\u043b\u0443\u0447\u0435\u043d\u0438\u044f bitcoin: \u041d\u0435 \u0443\u0434\u0430\u043b\u043e\u0441\u044c \u043f\u043e\u043b\u0443\u0447\u0438\u0442\u044c \u0434\u0430\u043d\u043d\u044b\u0435 \u0441 https://api.coincap.io/v2/assets/bitcoin
[2025-11-28 19:49:37,746] \u041f\u043e\u043f\u044b\u0442\u043a\u0430 1/2 \u043d\u0435 \u0443\u0434\u0430\u043b\u0430\u0441\u044c: HTTPSConnectionPool(host='api.coincap.io', port=443): Max retries exceeded with url: /v2/assets/ethereum (Caused by NameResolutionError("<urllib3.connection.HTTPSConnection object at 0x000001FB7B5EDD10>: Failed to resolve 'api.coincap.io' ([Errno 11001] getaddrinfo failed)"))
[2025-11-28 19:49:38,248] \u041f\u043e\u043f\u044b\u0442\u043a\u0430 2/2 \u043d\u0435 \u0443\u0434\u0430\u043b\u0430\u0441\u044c: HTTPSConnectionPool(host='api.coincap.io', port=443): Max retries exceeded with url: /v2/assets/ethereum (Caused by NameResolutionError("<urllib3.connection.HTTPSConnection object at 0x000001FB7B5EE5D0>: Failed to resolve 'api.coincap.io' ([Errno 11001] getaddrinfo failed)"))
[2025-11-28 19:49:38,248] \u041e\u0448\u0438\u0431\u043a\u0430 \u043f\u043e\u043b\u0443\u0447\u0435\u043d\u0438\u044f ethereum: \u041d\u0435 \u0443\u0434\u0430\u043b\u043e\u0441\u044c \u043f\u043e\u043b\u0443\u0447\u0438\u0442\u044c \u0434\u0430\u043d\u043d\u044b\u0435 \u0441 https://api.coincap.io/v2/assets/ethereum
[2025-11-28 19:49:38,248] \u041f\u043e\u043f\u044b\u0442\u043a\u0430 1/2 \u043d\u0435 \u0443\u0434\u0430\u043b\u0430\u0441\u044c: HTTPSConnectionPool(host='api.coincap.io', port=443): Max retries exceeded with url: /v2/assets/toncoin (Caused by NameResolutionError("<urllib3.connection.HTTPSConnection object at 0x000001FB7B5EDF90>: Failed to resolve 'api.coincap.io' ([Errno 11001] getaddrinfo failed)"))
[2025-11-28 19:49:38,751] \u041f\u043e\u043f\u044b\u0442\u043a\u0430 2/2 \u043d\u0435 \u0443\u0434\u0430\u043b\u0430\u0441\u044c: HTTPSConnectionPool(host='api.coincap.io', port=443): Max retries exceeded with url: /v2/assets/toncoin (Caused by NameResolutionError("<urllib3.connection.HTTPSConnection object at 0x000001FB7B5EEC10>: Failed to resolve 'api.coincap.io' ([Errno 11001] getaddrinfo failed)"))
[2025-11-28 19:49:38,751] \u041e\u0448\u0438\u0431\u043a\u0430 \u043f\u043e\u043b\u0443\u0447\u0435\u043d\u0438\u044f toncoin: \u041d\u0435 \u0443\u0434\u0430\u043b\u043e\u0441\u044c \u043f\u043e\u043b\u0443\u0447\u0438\u0442\u044c \u0434\u0430\u043d\u043d\u044b\u0435 \u0441 https://api.coincap.io/v2/assets/toncoin
[2025-11-28 19:49:38,751] \u041e\u0448\u0438\u0431\u043a\u0430 get_crypto_analysis: \u041d\u0435 \u0443\u0434\u0430\u043b\u043e\u0441\u044c \u043f\u043e\u043b\u0443\u0447\u0438\u0442\u044c \u043d\u0438 \u043e\u0434\u043d\u043e\u0439 \u043a\u0440\u0438\u043f\u0442\u043e\u0432\u0430\u043b\u044e\u0442\u044b
[2025-11-28 19:49:38,751] \u041e\u0442\u043f\u0440\u0430\u0432\u043b\u044f\u044e \u0441\u043e\u043e\u0431\u0449\u0435\u043d\u0438\u0435 \u0432 Telegram...
[2025-11-28 19:49:39,478] HTTP Request: POST https://api.telegram.org/bot7627055581:AAHtAlEKgbjhQYid8I-bUBul6UKqjFQAxFo/sendMessage "HTTP/1.1 200 OK"
[2025-11-28 19:49:39,478] \u0421\u043e\u043e\u0431\u0449\u0435\u043d\u0438\u0435 \u043e\u0442\u043f\u0440\u0430\u0432\u043b\u0435\u043d\u043e \u0443\u0441\u043f\u0435\u0448\u043d\u043e
[2025-11-28 20:39:13,975] \u0417\u0430\u043f\u0443\u0441\u043a Jerry \u0432 \u0440\u0435\u0436\u0438\u043c\u0435: morning
[2025-11-28 20:39:13,976] \u041d\u0430\u0447\u0438\u043d\u0430\u044e \u0443\u0442\u0440\u0435\u043d\u043d\u0435\u0435 \u0441\u043e\u043e\u0431\u0449\u0435\u043d\u0438\u0435...
[2025-11-28 20:39:15,330] \u041a\u0443\u0440\u0441\u044b \u0432\u0430\u043b\u044e\u0442 \u0426\u0411 \u0420\u0424 \u043f\u043e\u043b\u0443\u0447\u0435\u043d\u044b \u0443\u0441\u043f\u0435\u0448\u043d\u043e
[2025-11-28 20:39:15,739] \u0410\u043d\u0430\u043b\u0438\u0437 \u0432\u0430\u043b\u044e\u0442 \u0426\u0411 \u0420\u0424 \u043f\u043e\u043b\u0443\u0447\u0435\u043d \u0443\u0441\u043f\u0435\u0448\u043d\u043e.
[2025-11-28 20:39:15,954] \u041f\u043e\u043f\u044b\u0442\u043a\u0430 1/2 \u043d\u0435 \u0443\u0434\u0430\u043b\u0430\u0441\u044c: HTTPSConnectionPool(host='api.coincap.io', port=443): Max retries exceeded with url: /v2/assets/bitcoin (Caused by NameResolutionError("<urllib3.connection.HTTPSConnection object at 0x000002589DBB2490>: Failed to resolve 'api.coincap.io' ([Errno 11001] getaddrinfo failed)"))
[2025-11-28 20:39:16,455] \u041f\u043e\u043f\u044b\u0442\u043a\u0430 2/2 \u043d\u0435 \u0443\u0434\u0430\u043b\u0430\u0441\u044c: HTTPSConnectionPool(host='api.coincap.io', port=443): Max retries exceeded with url: /v2/assets/bitcoin (Caused by NameResolutionError("<urllib3.connection.HTTPSConnection object at 0x000002589DBB2FD0>: Failed to resolve 'api.coincap.io' ([Errno 11001] getaddrinfo failed)"))
[2025-11-28 20:39:16,455] \u041e\u0448\u0438\u0431\u043a\u0430 \u043f\u043e\u043b\u0443\u0447\u0435\u043d\u0438\u044f bitcoin: \u041d\u0435 \u0443\u0434\u0430\u043b\u043e\u0441\u044c \u043f\u043e\u043b\u0443\u0447\u0438\u0442\u044c \u0434\u0430\u043d\u043d\u044b\u0435 \u0441 https://api.coincap.io/v2/assets/bitcoin
[2025-11-28 20:39:16,456] \u041f\u043e\u043f\u044b\u0442\u043a\u0430 1/2 \u043d\u0435 \u0443\u0434\u0430\u043b\u0430\u0441\u044c: HTTPSConnectionPool(host='api.coincap.io', port=443): Max retries exceeded with url: /v2/assets/ethereum (Caused by NameResolutionError("<urllib3.connection.HTTPSConnection object at 0x000002589DBB20D0>: Failed to resolve 'api.coincap.io' ([Errno 11001] getaddrinfo failed)"))
[2025-11-28 20:39:16,957] \u041f\u043e\u043f\u044b\u0442\u043a\u0430 2/2 \u043d\u0435 \u0443\u0434\u0430\u043b\u0430\u0441\u044c: HTTPSConnectionPool(host='api.coincap.io', port=443): Max retries exceeded with url: /v2/assets/ethereum (Caused by NameResolutionError("<urllib3.connection.HTTPSConnection object at 0x000002589DBB2710>: Failed to resolve 'api.coincap.io' ([Errno 11001] getaddrinfo failed)"))
[2025-11-28 20:39:16,957] \u041e\u0448\u0438\u0431\u043a\u0430 \u043f\u043e\u043b\u0443\u0447\u0435\u043d\u0438\u044f ethereum: \u041d\u0435 \u0443\u0434\u0430\u043b\u043e\u0441\u044c \u043f\u043e\u043b\u0443\u0447\u0438\u0442\u044c \u0434\u0430\u043d\u043d\u044b\u0435 \u0441 https://api.coincap.io/v2/assets/ethereum
[2025-11-28 20:39:16,958] \u041f\u043e\u043f\u044b\u0442\u043a\u0430 1/2 \u043d\u0435 \u0443\u0434\u0430\u043b\u0430\u0441\u044c: HTTPSConnectionPool(host='api.coincap.io', port=443): Max retries exceeded with url: /v2/assets/toncoin (Caused by NameResolutionError("<urllib3.connection.HTTPSConnection object at 0x000002589DBB1E50>: Failed to resolve 'api.coincap.io' ([Errno 11001] getaddrinfo failed)"))
[2025-11-28 20:39:17,460] \u041f\u043e\u043f\u044b\u0442\u043a\u0430 2/2 \u043d\u0435 \u0443\u0434\u0430\u043b\u0430\u0441\u044c: HTTPSConnectionPool(host='api.coincap.io', port=443): Max retries exceeded with url: /v2/assets/toncoin (Caused by NameResolutionError("<urllib3.connection.HTTPSConnection object at 0x000002589DBB3110>: Failed to resolve 'api.coincap.io' ([Errno 11001] getaddrinfo failed)"))
[2025-11-28 20:39:17,460] \u041e\u0448\u0438\u0431\u043a\u0430 \u043f\u043e\u043b\u0443\u0447\u0435\u043d\u0438\u044f toncoin: \u041d\u0435 \u0443\u0434\u0430\u043b\u043e\u0441\u044c \u043f\u043e\u043b\u0443\u0447\u0438\u0442\u044c \u0434\u0430\u043d\u043d\u044b\u0435 \u0441 https://api.coincap.io/v2/assets/toncoin
[2025-11-28 20:39:17,460] \u041e\u0448\u0438\u0431\u043a\u0430 get_crypto_analysis: \u041d\u0435 \u0443\u0434\u0430\u043b\u043e\u0441\u044c \u043f\u043e\u043b\u0443\u0447\u0438\u0442\u044c \u043d\u0438 \u043e\u0434\u043d\u043e\u0439 \u043a\u0440\u0438\u043f\u0442\u043e\u0432\u0430\u043b\u044e\u0442\u044b
[2025-11-28 20:39:17,460] \u041e\u0442\u043f\u0440\u0430\u0432\u043b\u044f\u044e \u0441\u043e\u043e\u0431\u0449\u0435\u043d\u0438\u0435 \u0432 Telegram...
[2025-11-28 20:39:18,193] HTTP Request: POST https://api.telegram.org/bot7627055581:AAHtAlEKgbjhQYid8I-bUBul6UKqjFQAxFo/sendMessage "HTTP/1.1 200 OK"
[2025-11-28 20:39:18,194] \u0421\u043e\u043e\u0431\u0449\u0435\u043d\u0438\u0435 \u043e\u0442\u043f\u0440\u0430\u0432\u043b\u0435\u043d\u043e \u0443\u0441\u043f\u0435\u0448\u043d\u043e
